c:\users\administrator\source\repos\fuckwither\mcbot\x64\release\mcbot.pch
c:\users\administrator\source\repos\fuckwither\mcbot\x64\release\vc142.pdb
c:\users\administrator\source\repos\fuckwither\mcbot\x64\release\pch.obj
c:\users\administrator\source\repos\fuckwither\mcbot\x64\release\源.obj
c:\users\administrator\source\repos\fuckwither\mcbot\x64\release\dllmain.obj
c:\users\administrator\source\repos\fuckwither\mcbot\x64\release\bdsclass.obj
c:\users\administrator\desktop\1.16.200\bdxcore_mod\mcbot.dll
c:\users\administrator\desktop\1.16.200\bdxcore_mod\mcbot.pdb
c:\users\administrator\desktop\1.16.100\bdxcore_mod\mcbot.lib
c:\users\administrator\desktop\1.16.100\bdxcore_mod\mcbot.exp
c:\users\administrator\desktop\1.16.100\bdxcore_mod\mcbot.ipdb
c:\users\administrator\desktop\1.16.100\bdxcore_mod\mcbot.iobj
c:\users\administrator\desktop\1.16.200\bdxcore_mod\mcbot.lib
c:\users\administrator\desktop\1.16.200\bdxcore_mod\mcbot.exp
c:\users\administrator\desktop\1.16.200\bdxcore_mod\mcbot.ipdb
c:\users\administrator\desktop\1.16.200\bdxcore_mod\mcbot.iobj
c:\users\administrator\source\repos\fuckwither\mcbot\x64\release\mcbot.tlog\cl.command.1.tlog
c:\users\administrator\source\repos\fuckwither\mcbot\x64\release\mcbot.tlog\cl.read.1.tlog
c:\users\administrator\source\repos\fuckwither\mcbot\x64\release\mcbot.tlog\cl.write.1.tlog
c:\users\administrator\source\repos\fuckwither\mcbot\x64\release\mcbot.tlog\link.command.1.tlog
c:\users\administrator\source\repos\fuckwither\mcbot\x64\release\mcbot.tlog\link.read.1.tlog
c:\users\administrator\source\repos\fuckwither\mcbot\x64\release\mcbot.tlog\link.write.1.tlog
c:\users\administrator\source\repos\fuckwither\mcbot\x64\release\mcbot.tlog\mcbot.write.1u.tlog
